[debug] [2025-10-28T14:59:12.280Z] ----------------------------------------------------------------------
[debug] [2025-10-28T14:59:12.281Z] Command:       C:\Program Files\nodejs\node.exe C:\hospital-scorer\frontend\node_modules\firebase-tools\lib\bin\firebase.js emulators:start --only functions
[debug] [2025-10-28T14:59:12.281Z] CLI Version:   13.35.1
[debug] [2025-10-28T14:59:12.282Z] Platform:      win32
[debug] [2025-10-28T14:59:12.282Z] Node Version:  v24.9.0
[debug] [2025-10-28T14:59:12.282Z] Time:          Tue Oct 28 2025 10:59:12 GMT-0400 (Eastern Daylight Time)
[debug] [2025-10-28T14:59:12.282Z] ----------------------------------------------------------------------
[debug] 
[debug] [2025-10-28T14:59:12.415Z] > command requires scopes: ["email","openid","https://www.googleapis.com/auth/cloudplatformprojects.readonly","https://www.googleapis.com/auth/firebase","https://www.googleapis.com/auth/cloud-platform"]
[debug] [2025-10-28T14:59:12.415Z] > authorizing via signed-in user (danieltsky@gmail.com)
[info] i  emulators: Starting emulators: functions {"metadata":{"emulator":{"name":"hub"},"message":"Starting emulators: functions"}}
[debug] [2025-10-28T14:59:12.422Z] [logging] Logging Emulator only supports listening on one address (127.0.0.1). Not listening on ::1
[debug] [2025-10-28T14:59:12.422Z] assigned listening specs for emulators {"user":{"hub":[{"address":"127.0.0.1","family":"IPv4","port":4400},{"address":"::1","family":"IPv6","port":4400}],"ui":[{"address":"127.0.0.1","family":"IPv4","port":4000},{"address":"::1","family":"IPv6","port":4000}],"logging":[{"address":"127.0.0.1","family":"IPv4","port":4500}]},"metadata":{"message":"assigned listening specs for emulators"}}
[debug] [2025-10-28T14:59:12.425Z] [hub] writing locator at C:\Users\danie\AppData\Local\Temp\hub-recoveriq-b2b09.json
[debug] [2025-10-28T14:59:12.440Z] [functions] Functions Emulator only supports listening on one address (127.0.0.1). Not listening on ::1
[debug] [2025-10-28T14:59:12.440Z] [eventarc] Eventarc Emulator only supports listening on one address (127.0.0.1). Not listening on ::1
[debug] [2025-10-28T14:59:12.440Z] [tasks] Cloud Tasks Emulator only supports listening on one address (127.0.0.1). Not listening on ::1
[debug] [2025-10-28T14:59:12.440Z] late-assigned ports for functions and eventarc emulators {"user":{"hub":[{"address":"127.0.0.1","family":"IPv4","port":4400},{"address":"::1","family":"IPv6","port":4400}],"ui":[{"address":"127.0.0.1","family":"IPv4","port":4000},{"address":"::1","family":"IPv6","port":4000}],"logging":[{"address":"127.0.0.1","family":"IPv4","port":4500}],"functions":[{"address":"127.0.0.1","family":"IPv4","port":5001}],"eventarc":[{"address":"127.0.0.1","family":"IPv4","port":9299}],"tasks":[{"address":"127.0.0.1","family":"IPv4","port":9499}]},"metadata":{"message":"late-assigned ports for functions and eventarc emulators"}}
[warn] !  functions: The following emulators are not running, calls to these services from the Functions emulator will affect production: apphosting, auth, firestore, database, hosting, pubsub, storage, dataconnect {"metadata":{"emulator":{"name":"functions"},"message":"The following emulators are not running, calls to these services from the Functions emulator will affect production: \u001b[1mapphosting, auth, firestore, database, hosting, pubsub, storage, dataconnect\u001b[22m"}}
[debug] [2025-10-28T14:59:12.453Z] defaultcredentials: writing to file C:\Users\danie\AppData\Roaming\firebase\danieltsky_gmail_com_application_default_credentials.json
[debug] [2025-10-28T14:59:12.454Z] Setting GAC to C:\Users\danie\AppData\Roaming\firebase\danieltsky_gmail_com_application_default_credentials.json {"metadata":{"emulator":{"name":"functions"},"message":"Setting GAC to C:\\Users\\danie\\AppData\\Roaming\\firebase\\danieltsky_gmail_com_application_default_credentials.json"}}
[debug] [2025-10-28T14:59:12.454Z] Checked if tokens are valid: false, expires at: 1761597409543
[debug] [2025-10-28T14:59:12.454Z] Checked if tokens are valid: false, expires at: 1761597409543
[debug] [2025-10-28T14:59:12.454Z] > refreshing access token with scopes: []
[debug] [2025-10-28T14:59:12.455Z] >>> [apiv2][query] POST https://www.googleapis.com/oauth2/v3/token [none]
[debug] [2025-10-28T14:59:12.455Z] >>> [apiv2][body] POST https://www.googleapis.com/oauth2/v3/token [omitted]
[debug] [2025-10-28T14:59:12.797Z] <<< [apiv2][status] POST https://www.googleapis.com/oauth2/v3/token 200
[debug] [2025-10-28T14:59:12.797Z] <<< [apiv2][body] POST https://www.googleapis.com/oauth2/v3/token [omitted]
[debug] [2025-10-28T14:59:12.802Z] >>> [apiv2][query] GET https://firebase.googleapis.com/v1beta1/projects/recoveriq-b2b09/adminSdkConfig [none]
[debug] [2025-10-28T14:59:13.258Z] <<< [apiv2][status] GET https://firebase.googleapis.com/v1beta1/projects/recoveriq-b2b09/adminSdkConfig 200
[debug] [2025-10-28T14:59:13.258Z] <<< [apiv2][body] GET https://firebase.googleapis.com/v1beta1/projects/recoveriq-b2b09/adminSdkConfig {"projectId":"recoveriq-b2b09","storageBucket":"recoveriq-b2b09.firebasestorage.app"}
[info] i  ui: downloading ui-v1.14.0.zip... {"metadata":{"emulator":{"name":"ui"},"message":"downloading ui-v1.14.0.zip..."}}
[debug] [2025-10-28T14:59:13.279Z] >>> [apiv2][query] GET https://storage.googleapis.com/firebase-preview-drop/emulator/ui-v1.14.0.zip 
[debug] [2025-10-28T14:59:13.510Z] <<< [apiv2][status] GET https://storage.googleapis.com/firebase-preview-drop/emulator/ui-v1.14.0.zip 200
[debug] [2025-10-28T14:59:13.510Z] <<< [apiv2][body] GET https://storage.googleapis.com/firebase-preview-drop/emulator/ui-v1.14.0.zip [stream]
[debug] [2025-10-28T14:59:14.570Z] Data is 3615311
[debug] [2025-10-28T14:59:14.570Z] [unzip] Entry: client/ (compressed_size=0 bytes, uncompressed_size=0 bytes)
[debug] [2025-10-28T14:59:14.570Z] [unzip] Processing entry: client\
[debug] [2025-10-28T14:59:14.570Z] [unzip] mkdir: C:\Users\danie\.cache\firebase\emulators\ui-v1.14.0\client\
[debug] [2025-10-28T14:59:14.571Z] [unzip] Entry: client/favicon-16x16.png (compressed_size=293 bytes, uncompressed_size=293 bytes)
[debug] [2025-10-28T14:59:14.571Z] [unzip] Processing entry: client\favicon-16x16.png
[debug] [2025-10-28T14:59:14.571Z] [unzip] else mkdir: C:\Users\danie\.cache\firebase\emulators\ui-v1.14.0\client
[debug] [2025-10-28T14:59:14.572Z] [unzip] Writing file: C:\Users\danie\.cache\firebase\emulators\ui-v1.14.0\client\favicon-16x16.png
[debug] [2025-10-28T14:59:14.573Z] [unzip] Entry: client/safari-pinned-tab.svg (compressed_size=1433 bytes, uncompressed_size=2611 bytes)
[debug] [2025-10-28T14:59:14.573Z] [unzip] Processing entry: client\safari-pinned-tab.svg
[debug] [2025-10-28T14:59:14.573Z] [unzip] else mkdir: C:\Users\danie\.cache\firebase\emulators\ui-v1.14.0\client
[debug] [2025-10-28T14:59:14.573Z] [unzip] deflating: C:\Users\danie\.cache\firebase\emulators\ui-v1.14.0\client\safari-pinned-tab.svg
[debug] [2025-10-28T14:59:14.575Z] [unzip] Entry: client/favicon.ico (compressed_size=2933 bytes, uncompressed_size=13294 bytes)
[debug] [2025-10-28T14:59:14.576Z] [unzip] Processing entry: client\favicon.ico
[debug] [2025-10-28T14:59:14.576Z] [unzip] else mkdir: C:\Users\danie\.cache\firebase\emulators\ui-v1.14.0\client
[debug] [2025-10-28T14:59:14.576Z] [unzip] deflating: C:\Users\danie\.cache\firebase\emulators\ui-v1.14.0\client\favicon.ico
[debug] [2025-10-28T14:59:14.577Z] [unzip] Entry: client/index.html (compressed_size=1363 bytes, uncompressed_size=3071 bytes)
[debug] [2025-10-28T14:59:14.577Z] [unzip] Processing entry: client\index.html
[debug] [2025-10-28T14:59:14.577Z] [unzip] else mkdir: C:\Users\danie\.cache\firebase\emulators\ui-v1.14.0\client
[debug] [2025-10-28T14:59:14.578Z] [unzip] deflating: C:\Users\danie\.cache\firebase\emulators\ui-v1.14.0\client\index.html
[debug] [2025-10-28T14:59:14.580Z] [unzip] Entry: client/android-chrome-192x192.png (compressed_size=2684 bytes, uncompressed_size=2684 bytes)
[debug] [2025-10-28T14:59:14.580Z] [unzip] Processing entry: client\android-chrome-192x192.png
[debug] [2025-10-28T14:59:14.580Z] [unzip] else mkdir: C:\Users\danie\.cache\firebase\emulators\ui-v1.14.0\client
[debug] [2025-10-28T14:59:14.580Z] [unzip] Writing file: C:\Users\danie\.cache\firebase\emulators\ui-v1.14.0\client\android-chrome-192x192.png
[debug] [2025-10-28T14:59:14.581Z] [unzip] Entry: client/apple-touch-icon.png (compressed_size=2123 bytes, uncompressed_size=2152 bytes)
[debug] [2025-10-28T14:59:14.581Z] [unzip] Processing entry: client\apple-touch-icon.png
[debug] [2025-10-28T14:59:14.581Z] [unzip] else mkdir: C:\Users\danie\.cache\firebase\emulators\ui-v1.14.0\client
[debug] [2025-10-28T14:59:14.581Z] [unzip] deflating: C:\Users\danie\.cache\firebase\emulators\ui-v1.14.0\client\apple-touch-icon.png
[debug] [2025-10-28T14:59:14.582Z] [unzip] Entry: client/android-chrome-512x512.png (compressed_size=5369 bytes, uncompressed_size=5411 bytes)
[debug] [2025-10-28T14:59:14.582Z] [unzip] Processing entry: client\android-chrome-512x512.png
[debug] [2025-10-28T14:59:14.582Z] [unzip] else mkdir: C:\Users\danie\.cache\firebase\emulators\ui-v1.14.0\client
[debug] [2025-10-28T14:59:14.583Z] [unzip] deflating: C:\Users\danie\.cache\firebase\emulators\ui-v1.14.0\client\android-chrome-512x512.png
[debug] [2025-10-28T14:59:14.583Z] [unzip] Entry: client/manifest.json (compressed_size=245 bytes, uncompressed_size=551 bytes)
[debug] [2025-10-28T14:59:14.583Z] [unzip] Processing entry: client\manifest.json
[debug] [2025-10-28T14:59:14.584Z] [unzip] else mkdir: C:\Users\danie\.cache\firebase\emulators\ui-v1.14.0\client
[debug] [2025-10-28T14:59:14.584Z] [unzip] deflating: C:\Users\danie\.cache\firebase\emulators\ui-v1.14.0\client\manifest.json
[debug] [2025-10-28T14:59:14.584Z] [unzip] Entry: client/robots.txt (compressed_size=26 bytes, uncompressed_size=26 bytes)
[debug] [2025-10-28T14:59:14.585Z] [unzip] Processing entry: client\robots.txt
[debug] [2025-10-28T14:59:14.585Z] [unzip] else mkdir: C:\Users\danie\.cache\firebase\emulators\ui-v1.14.0\client
[debug] [2025-10-28T14:59:14.585Z] [unzip] Writing file: C:\Users\danie\.cache\firebase\emulators\ui-v1.14.0\client\robots.txt
[debug] [2025-10-28T14:59:14.585Z] [unzip] Entry: client/mstile-150x150.png (compressed_size=2034 bytes, uncompressed_size=2034 bytes)
[debug] [2025-10-28T14:59:14.585Z] [unzip] Processing entry: client\mstile-150x150.png
[debug] [2025-10-28T14:59:14.585Z] [unzip] else mkdir: C:\Users\danie\.cache\firebase\emulators\ui-v1.14.0\client
[debug] [2025-10-28T14:59:14.586Z] [unzip] Writing file: C:\Users\danie\.cache\firebase\emulators\ui-v1.14.0\client\mstile-150x150.png
[debug] [2025-10-28T14:59:14.586Z] [unzip] Entry: client/assets/ (compressed_size=0 bytes, uncompressed_size=0 bytes)
[debug] [2025-10-28T14:59:14.586Z] [unzip] Processing entry: client\assets\
[debug] [2025-10-28T14:59:14.586Z] [unzip] mkdir: C:\Users\danie\.cache\firebase\emulators\ui-v1.14.0\client\assets\
[debug] [2025-10-28T14:59:14.587Z] [unzip] Entry: client/assets/index-ClZTY_JS.js.map (compressed_size=2328270 bytes, uncompressed_size=9947004 bytes)
[debug] [2025-10-28T14:59:14.587Z] [unzip] Processing entry: client\assets\index-ClZTY_JS.js.map
[debug] [2025-10-28T14:59:14.587Z] [unzip] else mkdir: C:\Users\danie\.cache\firebase\emulators\ui-v1.14.0\client\assets
[debug] [2025-10-28T14:59:14.587Z] [unzip] deflating: C:\Users\danie\.cache\firebase\emulators\ui-v1.14.0\client\assets\index-ClZTY_JS.js.map
[debug] [2025-10-28T14:59:14.623Z] [unzip] Entry: client/assets/index-ClZTY_JS.js (compressed_size=567195 bytes, uncompressed_size=2035940 bytes)
[debug] [2025-10-28T14:59:14.623Z] [unzip] Processing entry: client\assets\index-ClZTY_JS.js
[debug] [2025-10-28T14:59:14.623Z] [unzip] else mkdir: C:\Users\danie\.cache\firebase\emulators\ui-v1.14.0\client\assets
[debug] [2025-10-28T14:59:14.623Z] [unzip] deflating: C:\Users\danie\.cache\firebase\emulators\ui-v1.14.0\client\assets\index-ClZTY_JS.js
[debug] [2025-10-28T14:59:14.633Z] [unzip] Entry: client/assets/index-BdgySamB.css (compressed_size=35979 bytes, uncompressed_size=298654 bytes)
[debug] [2025-10-28T14:59:14.633Z] [unzip] Processing entry: client\assets\index-BdgySamB.css
[debug] [2025-10-28T14:59:14.633Z] [unzip] else mkdir: C:\Users\danie\.cache\firebase\emulators\ui-v1.14.0\client\assets
[debug] [2025-10-28T14:59:14.633Z] [unzip] deflating: C:\Users\danie\.cache\firebase\emulators\ui-v1.14.0\client\assets\index-BdgySamB.css
[debug] [2025-10-28T14:59:14.636Z] [unzip] Entry: client/assets/extensions/ (compressed_size=0 bytes, uncompressed_size=0 bytes)
[debug] [2025-10-28T14:59:14.636Z] [unzip] Processing entry: client\assets\extensions\
[debug] [2025-10-28T14:59:14.636Z] [unzip] mkdir: C:\Users\danie\.cache\firebase\emulators\ui-v1.14.0\client\assets\extensions\
[debug] [2025-10-28T14:59:14.636Z] [unzip] Entry: client/assets/extensions/default-extension.png (compressed_size=1646 bytes, uncompressed_size=1657 bytes)
[debug] [2025-10-28T14:59:14.636Z] [unzip] Processing entry: client\assets\extensions\default-extension.png
[debug] [2025-10-28T14:59:14.636Z] [unzip] else mkdir: C:\Users\danie\.cache\firebase\emulators\ui-v1.14.0\client\assets\extensions
[debug] [2025-10-28T14:59:14.636Z] [unzip] deflating: C:\Users\danie\.cache\firebase\emulators\ui-v1.14.0\client\assets\extensions\default-extension.png
[debug] [2025-10-28T14:59:14.637Z] [unzip] Entry: client/assets/img/ (compressed_size=0 bytes, uncompressed_size=0 bytes)
[debug] [2025-10-28T14:59:14.637Z] [unzip] Processing entry: client\assets\img\
[debug] [2025-10-28T14:59:14.637Z] [unzip] mkdir: C:\Users\danie\.cache\firebase\emulators\ui-v1.14.0\client\assets\img\
[debug] [2025-10-28T14:59:14.638Z] [unzip] Entry: client/assets/img/database.png (compressed_size=29449 bytes, uncompressed_size=29988 bytes)
[debug] [2025-10-28T14:59:14.638Z] [unzip] Processing entry: client\assets\img\database.png
[debug] [2025-10-28T14:59:14.638Z] [unzip] else mkdir: C:\Users\danie\.cache\firebase\emulators\ui-v1.14.0\client\assets\img
[debug] [2025-10-28T14:59:14.638Z] [unzip] deflating: C:\Users\danie\.cache\firebase\emulators\ui-v1.14.0\client\assets\img\database.png
[debug] [2025-10-28T14:59:14.639Z] [unzip] Entry: client/assets/provider-icons/ (compressed_size=0 bytes, uncompressed_size=0 bytes)
[debug] [2025-10-28T14:59:14.639Z] [unzip] Processing entry: client\assets\provider-icons\
[debug] [2025-10-28T14:59:14.639Z] [unzip] mkdir: C:\Users\danie\.cache\firebase\emulators\ui-v1.14.0\client\assets\provider-icons\
[debug] [2025-10-28T14:59:14.639Z] [unzip] Entry: client/assets/provider-icons/auth_service_saml.svg (compressed_size=575 bytes, uncompressed_size=1226 bytes)
[debug] [2025-10-28T14:59:14.639Z] [unzip] Processing entry: client\assets\provider-icons\auth_service_saml.svg
[debug] [2025-10-28T14:59:14.639Z] [unzip] else mkdir: C:\Users\danie\.cache\firebase\emulators\ui-v1.14.0\client\assets\provider-icons
[debug] [2025-10-28T14:59:14.639Z] [unzip] deflating: C:\Users\danie\.cache\firebase\emulators\ui-v1.14.0\client\assets\provider-icons\auth_service_saml.svg
[debug] [2025-10-28T14:59:14.640Z] [unzip] Entry: client/assets/provider-icons/auth_service_phone.svg (compressed_size=261 bytes, uncompressed_size=414 bytes)
[debug] [2025-10-28T14:59:14.640Z] [unzip] Processing entry: client\assets\provider-icons\auth_service_phone.svg
[debug] [2025-10-28T14:59:14.640Z] [unzip] else mkdir: C:\Users\danie\.cache\firebase\emulators\ui-v1.14.0\client\assets\provider-icons
[debug] [2025-10-28T14:59:14.640Z] [unzip] deflating: C:\Users\danie\.cache\firebase\emulators\ui-v1.14.0\client\assets\provider-icons\auth_service_phone.svg
[debug] [2025-10-28T14:59:14.641Z] [unzip] Entry: client/assets/provider-icons/auth_service_facebook.svg (compressed_size=289 bytes, uncompressed_size=457 bytes)
[debug] [2025-10-28T14:59:14.641Z] [unzip] Processing entry: client\assets\provider-icons\auth_service_facebook.svg
[debug] [2025-10-28T14:59:14.641Z] [unzip] else mkdir: C:\Users\danie\.cache\firebase\emulators\ui-v1.14.0\client\assets\provider-icons
[debug] [2025-10-28T14:59:14.641Z] [unzip] deflating: C:\Users\danie\.cache\firebase\emulators\ui-v1.14.0\client\assets\provider-icons\auth_service_facebook.svg
[debug] [2025-10-28T14:59:14.642Z] [unzip] Entry: client/assets/provider-icons/auth_service_game_center.svg (compressed_size=991 bytes, uncompressed_size=3921 bytes)
[debug] [2025-10-28T14:59:14.642Z] [unzip] Processing entry: client\assets\provider-icons\auth_service_game_center.svg
[debug] [2025-10-28T14:59:14.642Z] [unzip] else mkdir: C:\Users\danie\.cache\firebase\emulators\ui-v1.14.0\client\assets\provider-icons
[debug] [2025-10-28T14:59:14.642Z] [unzip] deflating: C:\Users\danie\.cache\firebase\emulators\ui-v1.14.0\client\assets\provider-icons\auth_service_game_center.svg
[debug] [2025-10-28T14:59:14.643Z] [unzip] Entry: client/assets/provider-icons/auth_service_apple.svg (compressed_size=230 bytes, uncompressed_size=334 bytes)
[debug] [2025-10-28T14:59:14.644Z] [unzip] Processing entry: client\assets\provider-icons\auth_service_apple.svg
[debug] [2025-10-28T14:59:14.644Z] [unzip] else mkdir: C:\Users\danie\.cache\firebase\emulators\ui-v1.14.0\client\assets\provider-icons
[debug] [2025-10-28T14:59:14.644Z] [unzip] deflating: C:\Users\danie\.cache\firebase\emulators\ui-v1.14.0\client\assets\provider-icons\auth_service_apple.svg
[debug] [2025-10-28T14:59:14.645Z] [unzip] Entry: client/assets/provider-icons/auth_service_github.svg (compressed_size=466 bytes, uncompressed_size=838 bytes)
[debug] [2025-10-28T14:59:14.645Z] [unzip] Processing entry: client\assets\provider-icons\auth_service_github.svg
[debug] [2025-10-28T14:59:14.645Z] [unzip] else mkdir: C:\Users\danie\.cache\firebase\emulators\ui-v1.14.0\client\assets\provider-icons
[debug] [2025-10-28T14:59:14.645Z] [unzip] deflating: C:\Users\danie\.cache\firebase\emulators\ui-v1.14.0\client\assets\provider-icons\auth_service_github.svg
[debug] [2025-10-28T14:59:14.646Z] [unzip] Entry: client/assets/provider-icons/auth_service_mslive.svg (compressed_size=203 bytes, uncompressed_size=378 bytes)
[debug] [2025-10-28T14:59:14.646Z] [unzip] Processing entry: client\assets\provider-icons\auth_service_mslive.svg
[debug] [2025-10-28T14:59:14.646Z] [unzip] else mkdir: C:\Users\danie\.cache\firebase\emulators\ui-v1.14.0\client\assets\provider-icons
[debug] [2025-10-28T14:59:14.647Z] [unzip] deflating: C:\Users\danie\.cache\firebase\emulators\ui-v1.14.0\client\assets\provider-icons\auth_service_mslive.svg
[debug] [2025-10-28T14:59:14.647Z] [unzip] Entry: client/assets/provider-icons/auth_service_yahoo.svg (compressed_size=577 bytes, uncompressed_size=1182 bytes)
[debug] [2025-10-28T14:59:14.648Z] [unzip] Processing entry: client\assets\provider-icons\auth_service_yahoo.svg
[debug] [2025-10-28T14:59:14.648Z] [unzip] else mkdir: C:\Users\danie\.cache\firebase\emulators\ui-v1.14.0\client\assets\provider-icons
[debug] [2025-10-28T14:59:14.648Z] [unzip] deflating: C:\Users\danie\.cache\firebase\emulators\ui-v1.14.0\client\assets\provider-icons\auth_service_yahoo.svg
[debug] [2025-10-28T14:59:14.649Z] [unzip] Entry: client/assets/provider-icons/auth_service_twitter.svg (compressed_size=444 bytes, uncompressed_size=751 bytes)
[debug] [2025-10-28T14:59:14.649Z] [unzip] Processing entry: client\assets\provider-icons\auth_service_twitter.svg
[debug] [2025-10-28T14:59:14.649Z] [unzip] else mkdir: C:\Users\danie\.cache\firebase\emulators\ui-v1.14.0\client\assets\provider-icons
[debug] [2025-10-28T14:59:14.649Z] [unzip] deflating: C:\Users\danie\.cache\firebase\emulators\ui-v1.14.0\client\assets\provider-icons\auth_service_twitter.svg
[debug] [2025-10-28T14:59:14.649Z] [unzip] Entry: client/assets/provider-icons/auth_service_play_games.svg (compressed_size=565 bytes, uncompressed_size=1173 bytes)
[debug] [2025-10-28T14:59:14.650Z] [unzip] Processing entry: client\assets\provider-icons\auth_service_play_games.svg
[debug] [2025-10-28T14:59:14.650Z] [unzip] else mkdir: C:\Users\danie\.cache\firebase\emulators\ui-v1.14.0\client\assets\provider-icons
[debug] [2025-10-28T14:59:14.650Z] [unzip] deflating: C:\Users\danie\.cache\firebase\emulators\ui-v1.14.0\client\assets\provider-icons\auth_service_play_games.svg
[debug] [2025-10-28T14:59:14.650Z] [unzip] Entry: client/assets/provider-icons/auth_service_email.svg (compressed_size=228 bytes, uncompressed_size=326 bytes)
[debug] [2025-10-28T14:59:14.650Z] [unzip] Processing entry: client\assets\provider-icons\auth_service_email.svg
[debug] [2025-10-28T14:59:14.650Z] [unzip] else mkdir: C:\Users\danie\.cache\firebase\emulators\ui-v1.14.0\client\assets\provider-icons
[debug] [2025-10-28T14:59:14.651Z] [unzip] deflating: C:\Users\danie\.cache\firebase\emulators\ui-v1.14.0\client\assets\provider-icons\auth_service_email.svg
[debug] [2025-10-28T14:59:14.651Z] [unzip] Entry: client/assets/provider-icons/auth_service_google.svg (compressed_size=409 bytes, uncompressed_size=720 bytes)
[debug] [2025-10-28T14:59:14.651Z] [unzip] Processing entry: client\assets\provider-icons\auth_service_google.svg
[debug] [2025-10-28T14:59:14.651Z] [unzip] else mkdir: C:\Users\danie\.cache\firebase\emulators\ui-v1.14.0\client\assets\provider-icons
[debug] [2025-10-28T14:59:14.652Z] [unzip] deflating: C:\Users\danie\.cache\firebase\emulators\ui-v1.14.0\client\assets\provider-icons\auth_service_google.svg
[debug] [2025-10-28T14:59:14.652Z] [unzip] Entry: client/assets/provider-icons/auth_service_oidc.svg (compressed_size=414 bytes, uncompressed_size=858 bytes)
[debug] [2025-10-28T14:59:14.652Z] [unzip] Processing entry: client\assets\provider-icons\auth_service_oidc.svg
[debug] [2025-10-28T14:59:14.652Z] [unzip] else mkdir: C:\Users\danie\.cache\firebase\emulators\ui-v1.14.0\client\assets\provider-icons
[debug] [2025-10-28T14:59:14.652Z] [unzip] deflating: C:\Users\danie\.cache\firebase\emulators\ui-v1.14.0\client\assets\provider-icons\auth_service_oidc.svg
[debug] [2025-10-28T14:59:14.653Z] [unzip] Entry: client/browserconfig.xml (compressed_size=491 bytes, uncompressed_size=822 bytes)
[debug] [2025-10-28T14:59:14.653Z] [unzip] Processing entry: client\browserconfig.xml
[debug] [2025-10-28T14:59:14.653Z] [unzip] else mkdir: C:\Users\danie\.cache\firebase\emulators\ui-v1.14.0\client
[debug] [2025-10-28T14:59:14.653Z] [unzip] deflating: C:\Users\danie\.cache\firebase\emulators\ui-v1.14.0\client\browserconfig.xml
[debug] [2025-10-28T14:59:14.654Z] [unzip] Entry: client/favicon-32x32.png (compressed_size=475 bytes, uncompressed_size=475 bytes)
[debug] [2025-10-28T14:59:14.654Z] [unzip] Processing entry: client\favicon-32x32.png
[debug] [2025-10-28T14:59:14.654Z] [unzip] else mkdir: C:\Users\danie\.cache\firebase\emulators\ui-v1.14.0\client
[debug] [2025-10-28T14:59:14.654Z] [unzip] Writing file: C:\Users\danie\.cache\firebase\emulators\ui-v1.14.0\client\favicon-32x32.png
[debug] [2025-10-28T14:59:14.654Z] [unzip] Entry: server/ (compressed_size=0 bytes, uncompressed_size=0 bytes)
[debug] [2025-10-28T14:59:14.655Z] [unzip] Processing entry: server\
[debug] [2025-10-28T14:59:14.655Z] [unzip] mkdir: C:\Users\danie\.cache\firebase\emulators\ui-v1.14.0\server\
[debug] [2025-10-28T14:59:14.655Z] [unzip] Entry: server/server.mjs.map (compressed_size=296496 bytes, uncompressed_size=1355667 bytes)
[debug] [2025-10-28T14:59:14.655Z] [unzip] Processing entry: server\server.mjs.map
[debug] [2025-10-28T14:59:14.655Z] [unzip] else mkdir: C:\Users\danie\.cache\firebase\emulators\ui-v1.14.0\server
[debug] [2025-10-28T14:59:14.655Z] [unzip] deflating: C:\Users\danie\.cache\firebase\emulators\ui-v1.14.0\server\server.mjs.map
[debug] [2025-10-28T14:59:14.659Z] [unzip] Entry: server/server.mjs (compressed_size=315701 bytes, uncompressed_size=1172682 bytes)
[debug] [2025-10-28T14:59:14.659Z] [unzip] Processing entry: server\server.mjs
[debug] [2025-10-28T14:59:14.659Z] [unzip] else mkdir: C:\Users\danie\.cache\firebase\emulators\ui-v1.14.0\server
[debug] [2025-10-28T14:59:14.660Z] [unzip] deflating: C:\Users\danie\.cache\firebase\emulators\ui-v1.14.0\server\server.mjs
[debug] [2025-10-28T14:59:14.667Z] [unzip] Entry: server/assets/ (compressed_size=0 bytes, uncompressed_size=0 bytes)
[debug] [2025-10-28T14:59:14.667Z] [unzip] Processing entry: server\assets\
[debug] [2025-10-28T14:59:14.667Z] [unzip] mkdir: C:\Users\danie\.cache\firebase\emulators\ui-v1.14.0\server\assets\
[debug] [2025-10-28T14:59:14.668Z] [unzip] Entry: server/assets/multipart-parser-DGCUZdXu.mjs.map (compressed_size=4791 bytes, uncompressed_size=17918 bytes)
[debug] [2025-10-28T14:59:14.668Z] [unzip] Processing entry: server\assets\multipart-parser-DGCUZdXu.mjs.map
[debug] [2025-10-28T14:59:14.668Z] [unzip] else mkdir: C:\Users\danie\.cache\firebase\emulators\ui-v1.14.0\server\assets
[debug] [2025-10-28T14:59:14.668Z] [unzip] deflating: C:\Users\danie\.cache\firebase\emulators\ui-v1.14.0\server\assets\multipart-parser-DGCUZdXu.mjs.map
[debug] [2025-10-28T14:59:14.669Z] [unzip] Entry: server/assets/multipart-parser-DGCUZdXu.mjs (compressed_size=2621 bytes, uncompressed_size=10390 bytes)
[debug] [2025-10-28T14:59:14.669Z] [unzip] Processing entry: server\assets\multipart-parser-DGCUZdXu.mjs
[debug] [2025-10-28T14:59:14.669Z] [unzip] else mkdir: C:\Users\danie\.cache\firebase\emulators\ui-v1.14.0\server\assets
[debug] [2025-10-28T14:59:14.669Z] [unzip] deflating: C:\Users\danie\.cache\firebase\emulators\ui-v1.14.0\server\assets\multipart-parser-DGCUZdXu.mjs
[info] i  ui: Removing outdated emulator files: ui-v1.15.0 {"metadata":{"emulator":{"name":"ui"},"message":"Removing outdated emulator files: ui-v1.15.0"}}
[info] i  ui: Removing outdated emulator files: ui-v1.15.0.zip {"metadata":{"emulator":{"name":"ui"},"message":"Removing outdated emulator files: ui-v1.15.0.zip"}}
[info] i  functions: Watching "C:\hospital-scorer\functions" for Cloud Functions... {"metadata":{"emulator":{"name":"functions"},"message":"Watching \"C:\\hospital-scorer\\functions\" for Cloud Functions..."}}
[error] !!  functions: Failed to load function definition from source: FirebaseError: Detected node engine >=18 in package.json, which is not a supported version. Valid versions are 18, 20, 22 {"metadata":{"emulator":{"name":"functions"},"message":"Failed to load function definition from source: FirebaseError: Detected node engine >=18 in package.json, which is not a supported version. Valid versions are 18, 20, 22"}}
[debug] [2025-10-28T14:59:14.689Z] Could not find VSCode notification endpoint: FetchError: request to http://localhost:40001/vscode/notify failed, reason: . If you are not running the Firebase Data Connect VSCode extension, this is expected and not an issue.
[info] 
┌─────────────────────────────────────────────────────────────┐
│ ✔  All emulators ready! It is now safe to connect your app. │
│ i  View Emulator UI at http://127.0.0.1:4000/               │
└─────────────────────────────────────────────────────────────┘

┌───────────┬────────────────┬─────────────────────────────────┐
│ Emulator  │ Host:Port      │ View in Emulator UI             │
├───────────┼────────────────┼─────────────────────────────────┤
│ Functions │ 127.0.0.1:5001 │ http://127.0.0.1:4000/functions │
└───────────┴────────────────┴─────────────────────────────────┘
  Emulator Hub host: 127.0.0.1 port: 4400
  Other reserved ports: 4500

Issues? Report them at https://github.com/firebase/firebase-tools/issues and attach the *-debug.log files.
 
[debug] [2025-10-28T15:08:51.339Z] File C:\hospital-scorer\functions\src\index.ts changed, reloading triggers {"metadata":{"emulator":{"name":"functions"},"message":"File C:\\hospital-scorer\\functions\\src\\index.ts changed, reloading triggers"}}
[error] !!  functions: Failed to load function definition from source: FirebaseError: Detected node engine >=18 in package.json, which is not a supported version. Valid versions are 18, 20, 22 {"metadata":{"emulator":{"name":"functions"},"message":"Failed to load function definition from source: FirebaseError: Detected node engine >=18 in package.json, which is not a supported version. Valid versions are 18, 20, 22"}}
[debug] [2025-10-28T15:09:03.146Z] File C:\hospital-scorer\functions\lib\index.js changed, reloading triggers {"metadata":{"emulator":{"name":"functions"},"message":"File C:\\hospital-scorer\\functions\\lib\\index.js changed, reloading triggers"}}
[error] !!  functions: Failed to load function definition from source: FirebaseError: Detected node engine >=18 in package.json, which is not a supported version. Valid versions are 18, 20, 22 {"metadata":{"emulator":{"name":"functions"},"message":"Failed to load function definition from source: FirebaseError: Detected node engine >=18 in package.json, which is not a supported version. Valid versions are 18, 20, 22"}}
[debug] [2025-10-28T17:10:09.607Z] File C:\hospital-scorer\functions\src\index.ts changed, reloading triggers {"metadata":{"emulator":{"name":"functions"},"message":"File C:\\hospital-scorer\\functions\\src\\index.ts changed, reloading triggers"}}
[error] !!  functions: Failed to load function definition from source: FirebaseError: Detected node engine >=18 in package.json, which is not a supported version. Valid versions are 18, 20, 22 {"metadata":{"emulator":{"name":"functions"},"message":"Failed to load function definition from source: FirebaseError: Detected node engine >=18 in package.json, which is not a supported version. Valid versions are 18, 20, 22"}}
[debug] [2025-10-28T18:30:24.951Z] File C:\hospital-scorer\functions\lib\index.js changed, reloading triggers {"metadata":{"emulator":{"name":"functions"},"message":"File C:\\hospital-scorer\\functions\\lib\\index.js changed, reloading triggers"}}
[error] !!  functions: Failed to load function definition from source: FirebaseError: Detected node engine >=18 in package.json, which is not a supported version. Valid versions are 18, 20, 22 {"metadata":{"emulator":{"name":"functions"},"message":"Failed to load function definition from source: FirebaseError: Detected node engine >=18 in package.json, which is not a supported version. Valid versions are 18, 20, 22"}}
[debug] [2025-10-28T19:21:48.596Z] File C:\hospital-scorer\functions\src\index.ts changed, reloading triggers {"metadata":{"emulator":{"name":"functions"},"message":"File C:\\hospital-scorer\\functions\\src\\index.ts changed, reloading triggers"}}
[error] !!  functions: Failed to load function definition from source: FirebaseError: Detected node engine >=18 in package.json, which is not a supported version. Valid versions are 18, 20, 22 {"metadata":{"emulator":{"name":"functions"},"message":"Failed to load function definition from source: FirebaseError: Detected node engine >=18 in package.json, which is not a supported version. Valid versions are 18, 20, 22"}}
[debug] [2025-10-28T19:34:12.668Z] File C:\hospital-scorer\functions\src\index.ts changed, reloading triggers {"metadata":{"emulator":{"name":"functions"},"message":"File C:\\hospital-scorer\\functions\\src\\index.ts changed, reloading triggers"}}
[error] !!  functions: Failed to load function definition from source: FirebaseError: Detected node engine >=18 in package.json, which is not a supported version. Valid versions are 18, 20, 22 {"metadata":{"emulator":{"name":"functions"},"message":"Failed to load function definition from source: FirebaseError: Detected node engine >=18 in package.json, which is not a supported version. Valid versions are 18, 20, 22"}}
[debug] [2025-10-28T19:34:22.421Z] File C:\hospital-scorer\functions\lib\index.js changed, reloading triggers {"metadata":{"emulator":{"name":"functions"},"message":"File C:\\hospital-scorer\\functions\\lib\\index.js changed, reloading triggers"}}
[error] !!  functions: Failed to load function definition from source: FirebaseError: Detected node engine >=18 in package.json, which is not a supported version. Valid versions are 18, 20, 22 {"metadata":{"emulator":{"name":"functions"},"message":"Failed to load function definition from source: FirebaseError: Detected node engine >=18 in package.json, which is not a supported version. Valid versions are 18, 20, 22"}}
[debug] [2025-10-28T19:41:31.654Z] File C:\hospital-scorer\functions\src\index.ts changed, reloading triggers {"metadata":{"emulator":{"name":"functions"},"message":"File C:\\hospital-scorer\\functions\\src\\index.ts changed, reloading triggers"}}
[error] !!  functions: Failed to load function definition from source: FirebaseError: Detected node engine >=18 in package.json, which is not a supported version. Valid versions are 18, 20, 22 {"metadata":{"emulator":{"name":"functions"},"message":"Failed to load function definition from source: FirebaseError: Detected node engine >=18 in package.json, which is not a supported version. Valid versions are 18, 20, 22"}}
[debug] [2025-10-28T19:43:24.869Z] File C:\hospital-scorer\functions\lib\index.js changed, reloading triggers {"metadata":{"emulator":{"name":"functions"},"message":"File C:\\hospital-scorer\\functions\\lib\\index.js changed, reloading triggers"}}
[error] !!  functions: Failed to load function definition from source: FirebaseError: Detected node engine >=18 in package.json, which is not a supported version. Valid versions are 18, 20, 22 {"metadata":{"emulator":{"name":"functions"},"message":"Failed to load function definition from source: FirebaseError: Detected node engine >=18 in package.json, which is not a supported version. Valid versions are 18, 20, 22"}}
[debug] [2025-10-28T19:52:39.011Z] File C:\hospital-scorer\functions\seed-kpis.js changed, reloading triggers {"metadata":{"emulator":{"name":"functions"},"message":"File C:\\hospital-scorer\\functions\\seed-kpis.js changed, reloading triggers"}}
[error] !!  functions: Failed to load function definition from source: FirebaseError: Detected node engine >=18 in package.json, which is not a supported version. Valid versions are 18, 20, 22 {"metadata":{"emulator":{"name":"functions"},"message":"Failed to load function definition from source: FirebaseError: Detected node engine >=18 in package.json, which is not a supported version. Valid versions are 18, 20, 22"}}
[debug] [2025-10-28T20:19:14.836Z] Functions emulator received unknown request at path /hospital-scorer/us-central1/scoreHospital
[debug] [2025-10-28T20:45:30.215Z] Functions emulator received unknown request at path /hospital-scorer/us-central1/scoreHospital
[debug] [2025-10-28T20:46:24.676Z] File C:\hospital-scorer\functions\src\index.ts changed, reloading triggers {"metadata":{"emulator":{"name":"functions"},"message":"File C:\\hospital-scorer\\functions\\src\\index.ts changed, reloading triggers"}}
[error] !!  functions: Failed to load function definition from source: FirebaseError: Detected node engine >=18 in package.json, which is not a supported version. Valid versions are 18, 20, 22 {"metadata":{"emulator":{"name":"functions"},"message":"Failed to load function definition from source: FirebaseError: Detected node engine >=18 in package.json, which is not a supported version. Valid versions are 18, 20, 22"}}
[debug] [2025-10-28T20:46:49.190Z] File C:\hospital-scorer\functions\lib\index.js changed, reloading triggers {"metadata":{"emulator":{"name":"functions"},"message":"File C:\\hospital-scorer\\functions\\lib\\index.js changed, reloading triggers"}}
[error] !!  functions: Failed to load function definition from source: FirebaseError: Detected node engine >=18 in package.json, which is not a supported version. Valid versions are 18, 20, 22 {"metadata":{"emulator":{"name":"functions"},"message":"Failed to load function definition from source: FirebaseError: Detected node engine >=18 in package.json, which is not a supported version. Valid versions are 18, 20, 22"}}
[debug] [2025-10-28T20:51:35.897Z] File C:\hospital-scorer\functions\dev-server.ts changed, reloading triggers {"metadata":{"emulator":{"name":"functions"},"message":"File C:\\hospital-scorer\\functions\\dev-server.ts changed, reloading triggers"}}
[error] !!  functions: Failed to load function definition from source: FirebaseError: Detected node engine >=18 in package.json, which is not a supported version. Valid versions are 18, 20, 22 {"metadata":{"emulator":{"name":"functions"},"message":"Failed to load function definition from source: FirebaseError: Detected node engine >=18 in package.json, which is not a supported version. Valid versions are 18, 20, 22"}}
[debug] [2025-10-28T20:52:03.396Z] File C:\hospital-scorer\functions\package.json changed, reloading triggers {"metadata":{"emulator":{"name":"functions"},"message":"File C:\\hospital-scorer\\functions\\package.json changed, reloading triggers"}}
[error] !!  functions: Failed to load function definition from source: FirebaseError: Detected node engine >=18 in package.json, which is not a supported version. Valid versions are 18, 20, 22 {"metadata":{"emulator":{"name":"functions"},"message":"Failed to load function definition from source: FirebaseError: Detected node engine >=18 in package.json, which is not a supported version. Valid versions are 18, 20, 22"}}
[debug] [2025-10-28T20:53:26.290Z] File C:\hospital-scorer\functions\package-lock.json changed, reloading triggers {"metadata":{"emulator":{"name":"functions"},"message":"File C:\\hospital-scorer\\functions\\package-lock.json changed, reloading triggers"}}
[error] !!  functions: Failed to load function definition from source: FirebaseError: Detected node engine >=18 in package.json, which is not a supported version. Valid versions are 18, 20, 22 {"metadata":{"emulator":{"name":"functions"},"message":"Failed to load function definition from source: FirebaseError: Detected node engine >=18 in package.json, which is not a supported version. Valid versions are 18, 20, 22"}}
